Mplus VERSION 8.4 (Mac)
MUTHEN & MUTHEN
02/05/2021   9:17 AM

INPUT INSTRUCTIONS

  TITLE:
    Variable List -

    vdasp1z : SDMT (standardized)
    vdasp2z : Trails A (standardized)
    vdasp3 : MMSE spell backwards
    vdasp4z : BTACT Backwards counting (standardized)
    vdasp5z : NHSD Letter cancellation (standardized)
    vdexf1z : Raven's progressive matrices (standardized)
    vdexf2z : Trails B time (standardized)
    vdexf7z : HRS Number Series (standardized)
    vdlfl1z : WJIII Category fluency (animals) (standardized)
    vdlfl2 : HRS TICS Naming 2 items
      0: 0-1
      1: 2
    vdlfl3 : MMSE Naming 2 items
      0: 0-1
      1: 2
    vdlfl4 : MMSE write a sentence
    vdlfl5 : MMSE read and follow command
    vdlfl6 : CSI-D object naming
      0: 0-2
      1: 3
      2: 4
    vdmde1z : CERAD word list delayed (standardized)
    vdmde2z : WMS Logical memory delayed (standardized)
    vdmde3 : MMSE 3 word delayed recall (0-3)
      0: 0-1
      1: 2
    vdmde4z : CERAD constructional praxis delayed (standardized)
    vdmde5z : EBMT delayed score (standardized)
    vdmie1z : CERAD word list immediate sum of 3 trials (standardized)
    vdmie2 : MMSE 3 word recognition (0-3)
      0: 0-2
      1: 3
    vdmie3z : WMS Logical memory immediate (standardized)
    vdmie4z : EBMT immediate (standardized)
    vdmre1z : CERAD word list recognition task (standardized)
    vdmre2z : WMS Logical memory recognition (standardized)
    vdori1z : MMSE sum of ten orientation time and place (standardized)
    vdori2 : TICS name president correct (0,1)
    vdvis1z : CERAD Constructional praxis (standardized)
    vdvis2 : MMSE copy polygons

  DATA:
    FILE = __000001.dat ;
  VARIABLE:
    NAMES =
      vdasp1z vdasp2z vdasp3 vdasp4z vdasp5z vdexf1z vdexf2z vdexf7z
  vdlfl1z vdlfl2 vdlfl3 vdlfl4 vdlfl5 vdlfl6 vdmde1z vdmde2z vdmde3
  vdmde4z vdmde5z vdmie1z vdmie2 vdmie3z vdmie4z vdmre1z vdmre2z
  vdori1z vdori2 vdvis1z vdvis2 ;
    MISSING ARE ALL (-9999) ;
    CATEGORICAL =
      vdasp3
      vdlfl2
      vdlfl3
      vdlfl4
      vdlfl5
      vdlfl6
      vdmde3
      vdmie2
      vdori2
      vdvis2
      ;
  ANALYSIS:
     TYPE = general ;
     ESTIMATOR = wlsmv ;
  OUTPUT:
     SAMPSTAT ;
  MODEL:




*** WARNING in MODEL command
  All variables are uncorrelated with all other variables in the model.
  Check that this is what is intended.
   1 WARNING(S) FOUND IN THE INPUT INSTRUCTIONS




Variable List -

vdasp1z : SDMT (standardized)
vdasp2z : Trails A (standardized)
vdasp3 : MMSE spell backwards
vdasp4z : BTACT Backwards counting (standardized)
vdasp5z : NHSD Letter cancellation (standardized)
vdexf1z : Raven's progressive matrices (standardized)
vdexf2z : Trails B time (standardized)
vdexf7z : HRS Number Series (standardized)
vdlfl1z : WJIII Category fluency (animals) (standardized)
vdlfl2 : HRS TICS Naming 2 items
0: 0-1
1: 2
vdlfl3 : MMSE Naming 2 items
0: 0-1
1: 2
vdlfl4 : MMSE write a sentence
vdlfl5 : MMSE read and follow command
vdlfl6 : CSI-D object naming
0: 0-2
1: 3
2: 4
vdmde1z : CERAD word list delayed (standardized)
vdmde2z : WMS Logical memory delayed (standardized)
vdmde3 : MMSE 3 word delayed recall (0-3)
0: 0-1
1: 2
vdmde4z : CERAD constructional praxis delayed (standardized)
vdmde5z : EBMT delayed score (standardized)
vdmie1z : CERAD word list immediate sum of 3 trials (standardized)
vdmie2 : MMSE 3 word recognition (0-3)
0: 0-2
1: 3
vdmie3z : WMS Logical memory immediate (standardized)
vdmie4z : EBMT immediate (standardized)
vdmre1z : CERAD word list recognition task (standardized)
vdmre2z : WMS Logical memory recognition (standardized)
vdori1z : MMSE sum of ten orientation time and place (standardized)
vdori2 : TICS name president correct (0,1)
vdvis1z : CERAD Constructional praxis (standardized)
vdvis2 : MMSE copy polygons

SUMMARY OF ANALYSIS

Number of groups                                                 1
Number of observations                                        3347

Number of dependent variables                                   29
Number of independent variables                                  0
Number of continuous latent variables                            0

Observed dependent variables

  Continuous
   VDASP1Z     VDASP2Z     VDASP4Z     VDASP5Z     VDEXF1Z     VDEXF2Z
   VDEXF7Z     VDLFL1Z     VDMDE1Z     VDMDE2Z     VDMDE4Z     VDMDE5Z
   VDMIE1Z     VDMIE3Z     VDMIE4Z     VDMRE1Z     VDMRE2Z     VDORI1Z
   VDVIS1Z

  Binary and ordered categorical (ordinal)
   VDASP3      VDLFL2      VDLFL3      VDLFL4      VDLFL5      VDLFL6
   VDMDE3      VDMIE2      VDORI2      VDVIS2


Estimator                                                    WLSMV
Maximum number of iterations                                  1000
Convergence criterion                                    0.500D-04
Maximum number of steepest descent iterations                   20
Maximum number of iterations for H1                           2000
Convergence criterion for H1                             0.100D-03
Parameterization                                             DELTA
Link                                                        PROBIT

Input data file(s)
  __000001.dat

Input data format  FREE


SUMMARY OF DATA

     Number of missing data patterns           278


COVARIANCE COVERAGE OF DATA

Minimum covariance coverage value   0.100


     PROPORTION OF DATA PRESENT


           Covariance Coverage
              VDASP1Z       VDASP2Z       VDASP3        VDASP4Z       VDASP5Z
              ________      ________      ________      ________      ________
 VDASP1Z        0.947
 VDASP2Z        0.936         0.959
 VDASP3         0.911         0.918         0.949
 VDASP4Z        0.938         0.949         0.940         0.980
 VDASP5Z        0.934         0.938         0.916         0.945         0.955
 VDEXF1Z        0.945         0.958         0.939         0.970         0.951
 VDEXF2Z        0.836         0.842         0.821         0.841         0.833
 VDEXF7Z        0.817         0.821         0.814         0.826         0.816
 VDLFL1Z        0.947         0.959         0.949         0.980         0.955
 VDLFL2         0.946         0.958         0.948         0.979         0.954
 VDLFL3         0.947         0.958         0.948         0.979         0.954
 VDLFL4         0.930         0.939         0.935         0.953         0.936
 VDLFL5         0.944         0.956         0.947         0.976         0.952
 VDLFL6         0.947         0.959         0.947         0.980         0.955
 VDMDE1Z        0.943         0.955         0.944         0.976         0.952
 VDMDE2Z        0.872         0.882         0.872         0.898         0.877
 VDMDE3         0.935         0.947         0.936         0.966         0.942
 VDMDE4Z        0.942         0.955         0.938         0.970         0.950
 VDMDE5Z        0.931         0.942         0.929         0.959         0.936
 VDMIE1Z        0.946         0.958         0.949         0.980         0.955
 VDMIE2         0.946         0.957         0.948         0.979         0.953
 VDMIE3Z        0.940         0.952         0.939         0.971         0.948
 VDMIE4Z        0.945         0.957         0.946         0.978         0.953
 VDMRE1Z        0.945         0.958         0.946         0.978         0.953
 VDMRE2Z        0.928         0.938         0.926         0.955         0.932
 VDORI1Z        0.947         0.958         0.949         0.980         0.955
 VDORI2         0.923         0.931         0.924         0.949         0.927
 VDVIS1Z        0.946         0.958         0.940         0.973         0.952
 VDVIS2         0.943         0.954         0.935         0.965         0.948


           Covariance Coverage
              VDEXF1Z       VDEXF2Z       VDEXF7Z       VDLFL1Z       VDLFL2
              ________      ________      ________      ________      ________
 VDEXF1Z        0.987
 VDEXF2Z        0.844         0.845
 VDEXF7Z        0.828         0.754         0.829
 VDLFL1Z        0.987         0.845         0.829         0.999
 VDLFL2         0.984         0.845         0.829         0.996         0.996
 VDLFL3         0.985         0.845         0.829         0.997         0.995
 VDLFL4         0.958         0.833         0.824         0.967         0.964
 VDLFL5         0.982         0.844         0.828         0.993         0.990
 VDLFL6         0.987         0.845         0.829         0.998         0.995
 VDMDE1Z        0.982         0.842         0.829         0.993         0.990
 VDMDE2Z        0.905         0.784         0.771         0.910         0.908
 VDMDE3         0.972         0.839         0.823         0.982         0.980
 VDMDE4Z        0.980         0.841         0.827         0.987         0.984
 VDMDE5Z        0.967         0.834         0.820         0.975         0.972
 VDMIE1Z        0.986         0.844         0.829         0.999         0.996
 VDMIE2         0.984         0.845         0.829         0.996         0.994
 VDMIE3Z        0.979         0.840         0.827         0.988         0.985
 VDMIE4Z        0.985         0.844         0.829         0.996         0.992
 VDMRE1Z        0.985         0.844         0.829         0.995         0.991
 VDMRE2Z        0.963         0.832         0.819         0.969         0.967
 VDORI1Z        0.986         0.845         0.829         0.998         0.996
 VDORI2         0.952         0.831         0.819         0.961         0.961
 VDVIS1Z        0.982         0.844         0.829         0.988         0.986
 VDVIS2         0.974         0.842         0.826         0.981         0.978


           Covariance Coverage
              VDLFL3        VDLFL4        VDLFL5        VDLFL6        VDMDE1Z
              ________      ________      ________      ________      ________
 VDLFL3         0.997
 VDLFL4         0.965         0.967
 VDLFL5         0.992         0.964         0.993
 VDLFL6         0.996         0.965         0.991         0.998
 VDMDE1Z        0.991         0.961         0.987         0.993         0.993
 VDMDE2Z        0.909         0.886         0.905         0.910         0.908
 VDMDE3         0.981         0.952         0.976         0.981         0.978
 VDMDE4Z        0.985         0.958         0.981         0.987         0.982
 VDMDE5Z        0.973         0.945         0.968         0.975         0.971
 VDMIE1Z        0.996         0.967         0.993         0.997         0.993
 VDMIE2         0.995         0.964         0.990         0.995         0.991
 VDMIE3Z        0.986         0.958         0.982         0.988         0.985
 VDMIE4Z        0.993         0.963         0.989         0.996         0.991
 VDMRE1Z        0.992         0.963         0.989         0.995         0.991
 VDMRE2Z        0.968         0.941         0.963         0.969         0.967
 VDORI1Z        0.996         0.966         0.992         0.996         0.992
 VDORI2         0.961         0.937         0.956         0.961         0.958
 VDVIS1Z        0.987         0.962         0.984         0.988         0.983
 VDVIS2         0.980         0.959         0.977         0.980         0.976


           Covariance Coverage
              VDMDE2Z       VDMDE3        VDMDE4Z       VDMDE5Z       VDMIE1Z
              ________      ________      ________      ________      ________
 VDMDE2Z        0.910
 VDMDE3         0.899         0.982
 VDMDE4Z        0.905         0.971         0.987
 VDMDE5Z        0.910         0.961         0.968         0.975
 VDMIE1Z        0.909         0.981         0.986         0.974         0.999
 VDMIE2         0.910         0.981         0.984         0.973         0.996
 VDMIE3Z        0.908         0.973         0.979         0.967         0.987
 VDMIE4Z        0.910         0.979         0.985         0.973         0.995
 VDMRE1Z        0.909         0.978         0.985         0.973         0.995
 VDMRE2Z        0.909         0.957         0.963         0.969         0.968
 VDORI1Z        0.910         0.982         0.985         0.974         0.997
 VDORI2         0.881         0.953         0.952         0.942         0.961
 VDVIS1Z        0.904         0.973         0.981         0.967         0.987
 VDVIS2         0.896         0.967         0.973         0.959         0.980


           Covariance Coverage
              VDMIE2        VDMIE3Z       VDMIE4Z       VDMRE1Z       VDMRE2Z
              ________      ________      ________      ________      ________
 VDMIE2         0.996
 VDMIE3Z        0.986         0.988
 VDMIE4Z        0.993         0.988         0.996
 VDMRE1Z        0.992         0.986         0.993         0.995
 VDMRE2Z        0.968         0.967         0.969         0.967         0.969
 VDORI1Z        0.996         0.986         0.994         0.993         0.968
 VDORI2         0.961         0.952         0.959         0.958         0.938
 VDVIS1Z        0.986         0.979         0.986         0.986         0.962
 VDVIS2         0.979         0.971         0.978         0.977         0.954


           Covariance Coverage
              VDORI1Z       VDORI2        VDVIS1Z       VDVIS2
              ________      ________      ________      ________
 VDORI1Z        0.998
 VDORI2         0.961         0.962
 VDVIS1Z        0.987         0.952         0.988
 VDVIS2         0.980         0.947         0.978         0.981


UNIVARIATE PROPORTIONS AND COUNTS FOR CATEGORICAL VARIABLES

    VDASP3
      Category 1    0.016           52.000
      Category 2    0.027           87.000
      Category 3    0.050          159.000
      Category 4    0.106          338.000
      Category 5    0.047          150.000
      Category 6    0.753         2390.000
    VDLFL2
      Category 1    0.086          287.000
      Category 2    0.914         3047.000
    VDLFL3
      Category 1    0.012           40.000
      Category 2    0.988         3298.000
    VDLFL4
      Category 1    0.066          213.000
      Category 2    0.934         3023.000
    VDLFL5
      Category 1    0.039          129.000
      Category 2    0.961         3195.000
    VDLFL6
      Category 1    0.036          121.000
      Category 2    0.209          698.000
      Category 3    0.755         2522.000
    VDMDE3
      Category 1    0.092          304.000
      Category 2    0.908         2983.000
    VDMIE2
      Category 1    0.089          298.000
      Category 2    0.911         3036.000
    VDORI2
      Category 1    0.019           62.000
      Category 2    0.981         3157.000
    VDVIS2
      Category 1    0.467         1532.000
      Category 2    0.533         1752.000


SAMPLE STATISTICS


     ESTIMATED SAMPLE STATISTICS


           MEANS/INTERCEPTS/THRESHOLDS
              VDASP1Z       VDASP2Z       VDASP3$1      VDASP3$2      VDASP3$3
              ________      ________      ________      ________      ________
                0.458         0.397        -2.135        -1.709        -1.318


           MEANS/INTERCEPTS/THRESHOLDS
              VDASP3$4      VDASP3$5      VDASP4Z       VDASP5Z       VDEXF1Z
              ________      ________      ________      ________      ________
               -0.841        -0.682         0.369         0.400         0.726


           MEANS/INTERCEPTS/THRESHOLDS
              VDEXF2Z       VDEXF7Z       VDLFL1Z       VDLFL2$1      VDLFL3$1
              ________      ________      ________      ________      ________
                0.428         0.647         0.371        -1.365        -2.258


           MEANS/INTERCEPTS/THRESHOLDS
              VDLFL4$1      VDLFL5$1      VDLFL6$1      VDLFL6$2      VDMDE1Z
              ________      ________      ________      ________      ________
               -1.508        -1.765        -1.796        -0.690         0.512


           MEANS/INTERCEPTS/THRESHOLDS
              VDMDE2Z       VDMDE3$1      VDMDE4Z       VDMDE5Z       VDMIE1Z
              ________      ________      ________      ________      ________
                0.300        -1.326         0.528         0.424         0.580


           MEANS/INTERCEPTS/THRESHOLDS
              VDMIE2$1      VDMIE3Z       VDMIE4Z       VDMRE1Z       VDMRE2Z
              ________      ________      ________      ________      ________
               -1.345         0.428         0.592         0.925         0.685


           MEANS/INTERCEPTS/THRESHOLDS
              VDORI1Z       VDORI2$1      VDVIS1Z       VDVIS2$1
              ________      ________      ________      ________
                0.932        -2.069         0.743        -0.084


           CORRELATION MATRIX (WITH VARIANCES ON THE DIAGONAL)
              VDASP1Z       VDASP2Z       VDASP3        VDASP4Z       VDASP5Z
              ________      ________      ________      ________      ________
 VDASP1Z        0.031
 VDASP2Z        0.739         0.011
 VDASP3         0.505         0.431
 VDASP4Z        0.618         0.545         0.464         0.020
 VDASP5Z        0.690         0.642         0.429         0.470         0.020
 VDEXF1Z        0.633         0.579         0.455         0.513         0.483
 VDEXF2Z        0.675         0.654         0.375         0.519         0.513
 VDEXF7Z        0.535         0.461         0.391         0.492         0.316
 VDLFL1Z        0.543         0.488         0.417         0.478         0.435
 VDLFL2         0.521         0.429         0.404         0.456         0.404
 VDLFL3         0.399         0.349         0.408         0.275         0.386
 VDLFL4         0.369         0.293         0.418         0.392         0.346
 VDLFL5         0.318         0.313         0.237         0.357         0.328
 VDLFL6         0.325         0.300         0.322         0.291         0.291
 VDMDE1Z        0.550         0.449         0.411         0.391         0.432
 VDMDE2Z        0.493         0.410         0.372         0.376         0.359
 VDMDE3         0.522         0.424         0.343         0.393         0.442
 VDMDE4Z        0.543         0.486         0.356         0.402         0.419
 VDMDE5Z        0.389         0.334         0.250         0.291         0.291
 VDMIE1Z        0.545         0.466         0.443         0.433         0.448
 VDMIE2         0.349         0.321         0.326         0.306         0.339
 VDMIE3Z        0.475         0.413         0.376         0.393         0.367
 VDMIE4Z        0.372         0.351         0.324         0.330         0.316
 VDMRE1Z        0.433         0.378         0.289         0.316         0.372
 VDMRE2Z        0.411         0.364         0.289         0.326         0.308
 VDORI1Z        0.451         0.432         0.315         0.401         0.395
 VDORI2         0.476         0.326         0.366         0.402         0.340
 VDVIS1Z        0.482         0.443         0.366         0.378         0.358
 VDVIS2         0.402         0.409         0.310         0.314         0.310


           CORRELATION MATRIX (WITH VARIANCES ON THE DIAGONAL)
              VDEXF1Z       VDEXF2Z       VDEXF7Z       VDLFL1Z       VDLFL2
              ________      ________      ________      ________      ________
 VDEXF1Z        0.049
 VDEXF2Z        0.513         0.040
 VDEXF7Z        0.601         0.502         0.032
 VDLFL1Z        0.505         0.446         0.406         0.023
 VDLFL2         0.474         0.419         0.328         0.571
 VDLFL3         0.423         0.429         0.272         0.501         0.452
 VDLFL4         0.357         0.271         0.216         0.384         0.384
 VDLFL5         0.349         0.193         0.199         0.275         0.409
 VDLFL6         0.353         0.235         0.227         0.384         0.392
 VDMDE1Z        0.440         0.380         0.325         0.510         0.442
 VDMDE2Z        0.444         0.380         0.346         0.477         0.433
 VDMDE3         0.391         0.384         0.308         0.501         0.511
 VDMDE4Z        0.541         0.407         0.372         0.489         0.459
 VDMDE5Z        0.367         0.307         0.270         0.397         0.380
 VDMIE1Z        0.476         0.394         0.353         0.534         0.470
 VDMIE2         0.333         0.257         0.160         0.366         0.391
 VDMIE3Z        0.470         0.363         0.360         0.478         0.487
 VDMIE4Z        0.382         0.290         0.261         0.383         0.425
 VDMRE1Z        0.391         0.289         0.235         0.396         0.363
 VDMRE2Z        0.380         0.321         0.283         0.376         0.424
 VDORI1Z        0.396         0.304         0.331         0.399         0.382
 VDORI2         0.387         0.240         0.307         0.524         0.384
 VDVIS1Z        0.558         0.369         0.396         0.380         0.418
 VDVIS2         0.457         0.309         0.298         0.277         0.330


           CORRELATION MATRIX (WITH VARIANCES ON THE DIAGONAL)
              VDLFL3        VDLFL4        VDLFL5        VDLFL6        VDMDE1Z
              ________      ________      ________      ________      ________
 VDLFL4         0.516
 VDLFL5         0.458         0.447
 VDLFL6         0.540         0.337         0.367
 VDMDE1Z        0.485         0.352         0.273         0.306         0.070
 VDMDE2Z        0.511         0.338         0.290         0.310         0.588
 VDMDE3         0.396         0.219         0.250         0.327         0.632
 VDMDE4Z        0.506         0.351         0.276         0.342         0.554
 VDMDE5Z        0.303         0.258         0.164         0.237         0.503
 VDMIE1Z        0.506         0.390         0.293         0.324         0.805
 VDMIE2         0.470         0.326         0.380         0.334         0.373
 VDMIE3Z        0.482         0.348         0.316         0.356         0.562
 VDMIE4Z        0.399         0.349         0.280         0.274         0.440
 VDMRE1Z        0.243         0.254         0.187         0.262         0.617
 VDMRE2Z        0.354         0.312         0.243         0.261         0.466
 VDORI1Z        0.301         0.287         0.269         0.322         0.462
 VDORI2         0.459         0.338         0.452         0.418         0.511
 VDVIS1Z        0.352         0.340         0.338         0.329         0.332
 VDVIS2         0.300         0.363         0.265         0.291         0.284


           CORRELATION MATRIX (WITH VARIANCES ON THE DIAGONAL)
              VDMDE2Z       VDMDE3        VDMDE4Z       VDMDE5Z       VDMIE1Z
              ________      ________      ________      ________      ________
 VDMDE2Z        0.046
 VDMDE3         0.610
 VDMDE4Z        0.464         0.519         0.087
 VDMDE5Z        0.540         0.482         0.402         0.076
 VDMIE1Z        0.555         0.571         0.523         0.482         0.031
 VDMIE2         0.268         0.324         0.335         0.227         0.406
 VDMIE3Z        0.837         0.565         0.449         0.479         0.567
 VDMIE4Z        0.495         0.449         0.376         0.596         0.490
 VDMRE1Z        0.445         0.474         0.474         0.401         0.608
 VDMRE2Z        0.593         0.430         0.390         0.388         0.461
 VDORI1Z        0.361         0.418         0.410         0.333         0.489
 VDORI2         0.476         0.539         0.505         0.396         0.514
 VDVIS1Z        0.296         0.286         0.594         0.248         0.369
 VDVIS2         0.250         0.244         0.396         0.194         0.292


           CORRELATION MATRIX (WITH VARIANCES ON THE DIAGONAL)
              VDMIE2        VDMIE3Z       VDMIE4Z       VDMRE1Z       VDMRE2Z
              ________      ________      ________      ________      ________
 VDMIE3Z        0.312         0.049
 VDMIE4Z        0.273         0.527         0.041
 VDMRE1Z        0.275         0.446         0.394         0.015
 VDMRE2Z        0.242         0.630         0.392         0.447         0.033
 VDORI1Z        0.295         0.400         0.407         0.561         0.378
 VDORI2         0.395         0.517         0.405         0.372         0.433
 VDVIS1Z        0.262         0.303         0.256         0.286         0.263
 VDVIS2         0.257         0.271         0.224         0.227         0.236


           CORRELATION MATRIX (WITH VARIANCES ON THE DIAGONAL)
              VDORI1Z       VDORI2        VDVIS1Z       VDVIS2
              ________      ________      ________      ________
 VDORI1Z        0.018
 VDORI2         0.448
 VDVIS1Z        0.320         0.294         0.045
 VDVIS2         0.302         0.276         0.482


UNIVARIATE SAMPLE STATISTICS


     UNIVARIATE HIGHER-ORDER MOMENT DESCRIPTIVE STATISTICS

         Variable/         Mean/     Skewness/   Minimum/ % with                Percentiles
        Sample Size      Variance    Kurtosis    Maximum  Min/Max      20%/60%    40%/80%    Median

     VDASP1Z               0.458      -0.216       0.000    0.44%       0.296      0.423      0.465
            3168.000       0.031      -0.445       1.000    0.03%       0.507      0.620
     VDASP2Z               0.397      -0.706       0.000    0.16%       0.319      0.389      0.412
            3210.000       0.011       1.040       1.000    0.03%       0.432      0.479
     VDASP4Z               0.369      -0.150       0.000    1.28%       0.263      0.350      0.375
            3280.000       0.020       0.520       1.000    0.03%       0.400      0.475
     VDASP5Z               0.400      -0.137       0.000    0.84%       0.297      0.378      0.405
            3197.000       0.020       0.378       1.000    0.03%       0.432      0.514
     VDEXF1Z               0.726      -1.012       0.000    1.00%       0.529      0.706      0.765
            3303.000       0.049       0.704       1.000    9.11%       0.823      0.941
     VDEXF2Z               0.428      -0.142       0.000    1.03%       0.251      0.384      0.432
            2827.000       0.040      -0.643       1.000    0.04%       0.495      0.608
     VDEXF7Z               0.647      -0.798       0.000    0.79%       0.526      0.623      0.663
            2775.000       0.032       1.679       1.000    3.60%       0.686      0.783
     VDLFL1Z               0.371       0.255       0.000    0.84%       0.233      0.326      0.372
            3345.000       0.023       0.116       1.000    0.03%       0.395      0.488
     VDMDE1Z               0.512      -0.283       0.000    8.09%       0.300      0.500      0.500
            3324.000       0.070      -0.646       1.000    3.22%       0.600      0.700
     VDMDE2Z               0.300       0.201       0.000   16.97%       0.080      0.240      0.280
            3046.000       0.046      -0.892       1.000    0.03%       0.360      0.520
     VDMDE4Z               0.528      -0.174       0.000    9.87%       0.273      0.455      0.545
            3303.000       0.087      -0.840       1.000    9.81%       0.636      0.818
     VDMDE5Z               0.424      -0.257       0.000   19.25%       0.083      0.417      0.500
            3262.000       0.076      -1.059       1.000    0.58%       0.500      0.667
     VDMIE1Z               0.580      -0.497       0.000    0.66%       0.433      0.533      0.600
            3343.000       0.031       0.378       1.000    0.15%       0.633      0.733
     VDMIE3Z               0.428      -0.083       0.000    4.66%       0.217      0.391      0.435
            3306.000       0.049      -0.666       1.000    0.12%       0.478      0.609
     VDMIE4Z               0.592      -0.525       0.000    1.95%       0.417      0.583      0.583
            3332.000       0.041       0.395       1.000    2.07%       0.667      0.750
     VDMRE1Z               0.925      -2.851       0.000    0.21%       0.850      0.950      0.950
            3330.000       0.015      11.499       1.000   49.67%       1.000      1.000
     VDMRE2Z               0.685      -0.698       0.000    0.49%       0.533      0.667      0.733
            3243.000       0.033       0.636       1.000    2.78%       0.733      0.867
     VDORI1Z               0.932      -3.238       0.000    0.06%       0.900      1.000      1.000
            3340.000       0.018      12.660       1.000   64.55%       1.000      1.000
     VDVIS1Z               0.743      -0.585       0.000    0.33%       0.545      0.636      0.727
            3308.000       0.045      -0.162       1.000   21.61%       0.818      1.000


THE MODEL ESTIMATION TERMINATED NORMALLY



MODEL FIT INFORMATION

Number of Free Parameters                       53

Chi-Square Test of Model Fit

          Value                          35351.994*
          Degrees of Freedom                   406
          P-Value                           0.0000

*   The chi-square value for MLM, MLMV, MLR, ULSMV, WLSM and WLSMV cannot be used
    for chi-square difference testing in the regular way.  MLM, MLR and WLSM
    chi-square difference testing is described on the Mplus website.  MLMV, WLSMV,
    and ULSMV difference testing is done using the DIFFTEST option.

RMSEA (Root Mean Square Error Of Approximation)

          Estimate                           0.160
          90 Percent C.I.                    0.159  0.162
          Probability RMSEA <= .05           0.000

CFI/TLI

          CFI                                0.000
          TLI                                0.000

Chi-Square Test of Model Fit for the Baseline Model

          Value                          35351.994
          Degrees of Freedom                   406
          P-Value                           0.0000

SRMR (Standardized Root Mean Square Residual)

          Value                              0.380

Optimum Function Value for Weighted Least-Squares Estimator

          Value                     0.20450935D+02



MODEL RESULTS

                                                    Two-Tailed
                    Estimate       S.E.  Est./S.E.    P-Value

 Means
    VDASP1Z            0.458      0.003    143.889      0.000
    VDASP2Z            0.397      0.002    194.306      0.000
    VDASP4Z            0.369      0.002    150.178      0.000
    VDASP5Z            0.400      0.003    158.102      0.000
    VDEXF1Z            0.726      0.005    148.761      0.000
    VDEXF2Z            0.428      0.004    112.871      0.000
    VDEXF7Z            0.647      0.004    172.179      0.000
    VDLFL1Z            0.371      0.003    138.443      0.000
    VDMDE1Z            0.512      0.005    108.382      0.000
    VDMDE2Z            0.300      0.004     75.359      0.000
    VDMDE4Z            0.528      0.005    101.662      0.000
    VDMDE5Z            0.424      0.005     84.964      0.000
    VDMIE1Z            0.580      0.003    180.804      0.000
    VDMIE3Z            0.428      0.004    110.697      0.000
    VDMIE4Z            0.592      0.004    158.342      0.000
    VDMRE1Z            0.925      0.003    271.494      0.000
    VDMRE2Z            0.685      0.004    192.862      0.000
    VDORI1Z            0.932      0.004    213.221      0.000
    VDVIS1Z            0.743      0.004    182.192      0.000

 Thresholds
    VDASP3$1          -2.135      0.055    -38.711      0.000
    VDASP3$2          -1.709      0.039    -43.625      0.000
    VDASP3$3          -1.318      0.031    -42.647      0.000
    VDASP3$4          -0.841      0.025    -33.171      0.000
    VDASP3$5          -0.682      0.024    -28.168      0.000
    VDLFL2$1          -1.365      0.031    -44.151      0.000
    VDLFL3$1          -2.258      0.060    -37.397      0.000
    VDLFL4$1          -1.508      0.034    -44.283      0.000
    VDLFL5$1          -1.765      0.040    -44.291      0.000
    VDLFL6$1          -1.796      0.041    -44.164      0.000
    VDLFL6$2          -0.690      0.024    -29.150      0.000
    VDMDE3$1          -1.326      0.030    -43.469      0.000
    VDMIE2$1          -1.345      0.031    -43.965      0.000
    VDORI2$1          -2.069      0.052    -40.057      0.000
    VDVIS2$1          -0.084      0.022     -3.839      0.000

 Variances
    VDASP1Z            0.031      0.001     34.565      0.000
    VDASP2Z            0.011      0.000     45.159      0.000
    VDASP4Z            0.020      0.000     45.255      0.000
    VDASP5Z            0.020      0.000     43.421      0.000
    VDEXF1Z            0.049      0.001     37.250      0.000
    VDEXF2Z            0.040      0.001     30.740      0.000
    VDEXF7Z            0.032      0.001     45.940      0.000
    VDLFL1Z            0.023      0.001     41.414      0.000
    VDMDE1Z            0.070      0.002     32.534      0.000
    VDMDE2Z            0.046      0.002     28.511      0.000
    VDMDE4Z            0.087      0.003     30.544      0.000
    VDMDE5Z            0.076      0.003     26.705      0.000
    VDMIE1Z            0.031      0.001     42.201      0.000
    VDMIE3Z            0.049      0.001     33.116      0.000
    VDMIE4Z            0.041      0.001     42.017      0.000
    VDMRE1Z            0.015      0.000     66.867      0.000
    VDMRE2Z            0.033      0.001     41.738      0.000
    VDORI1Z            0.018      0.000     59.060      0.000
    VDVIS1Z            0.045      0.001     35.170      0.000


QUALITY OF NUMERICAL RESULTS

     Condition Number for the Information Matrix              0.185E-04
       (ratio of smallest to largest eigenvalue)


     Beginning Time:  09:17:17
        Ending Time:  09:17:18
       Elapsed Time:  00:00:01



MUTHEN & MUTHEN
3463 Stoner Ave.
Los Angeles, CA  90066

Tel: (310) 391-9971
Fax: (310) 391-8971
Web: www.StatModel.com
Support: Support@StatModel.com

Copyright (c) 1998-2019 Muthen & Muthen
