Mplus VERSION 8.2 (Mac)
MUTHEN & MUTHEN
05/26/2020   9:11 AM

INPUT INSTRUCTIONS

  TITLE:
    Variable List -

    vdmde1z : vdmde1_z1 = (vdmde1 -        .001653405662)/         10.00330681
    vdmde2z : vdmde2_z1 = (vdmde2 -        .003368133996)/         25.00673627
    vdmde3 : MMSE 3 word delayed recall (0-3)
      0: 0-1
      1: 2
    vdmde4z : vdmde4_z1 = (vdmde4 -         .00202711025)/         11.00405422
    vdmde5z : vdmde5_z1 = (vdmde5 -        .002063232012)/         12.00412646
    vdmre1z : vdmre1_z1 = (vdmre1 -        .001549909736)/         20.00309982
    vdmre2z : vdmre2_z1 = (vdmre2 -        .001713271102)/         15.00342654

  DATA:
    FILE = __000001.dat ;
  VARIABLE:
    NAMES =
      vdmde1z vdmde2z vdmde3 vdmde4z vdmde5z vdmre1z vdmre2z ;
    MISSING ARE ALL (-9999) ;
    CATEGORICAL =
      vdmde3
      ;
  ANALYSIS:
  OUTPUT:
     MODINDICES(-0);
     RESIDUAL ;
  stdyx  ;

  MODEL:
  mem by vdmde1z vdmde2z vdmde3 vdmde4z vdmde5z  ;
  mem by vdmre1z vdmre2z  ;
  ceradwl by vdmde1z@1  ;
  ceradwl by vdmre1z@1  ;
  lm by vdmde2z@1  ;
  lm by vdmre2z@1  ;
  ceradwl with lm@0  ;
  ceradwl with mem@0  ;
  lm with mem@0  ;




*** WARNING
  Data set contains cases with missing on all variables.
  These cases were not included in the analysis.
  Number of cases with missing on all variables:  2
   1 WARNING(S) FOUND IN THE INPUT INSTRUCTIONS




Variable List -

vdmde1z : vdmde1_z1 = (vdmde1 -        .001653405662)/         10.00330681
vdmde2z : vdmde2_z1 = (vdmde2 -        .003368133996)/         25.00673627
vdmde3 : MMSE 3 word delayed recall (0-3)
0: 0-1
1: 2
vdmde4z : vdmde4_z1 = (vdmde4 -         .00202711025)/         11.00405422
vdmde5z : vdmde5_z1 = (vdmde5 -        .002063232012)/         12.00412646
vdmre1z : vdmre1_z1 = (vdmre1 -        .001549909736)/         20.00309982
vdmre2z : vdmre2_z1 = (vdmre2 -        .001713271102)/         15.00342654

SUMMARY OF ANALYSIS

Number of groups                                                 1
Number of observations                                        3345

Number of dependent variables                                    7
Number of independent variables                                  0
Number of continuous latent variables                            3

Observed dependent variables

  Continuous
   VDMDE1Z     VDMDE2Z     VDMDE4Z     VDMDE5Z     VDMRE1Z     VDMRE2Z

  Binary and ordered categorical (ordinal)
   VDMDE3

Continuous latent variables
   MEM         CERADWL     LM


Estimator                                                    WLSMV
Maximum number of iterations                                  1000
Convergence criterion                                    0.500D-04
Maximum number of steepest descent iterations                   20
Maximum number of iterations for H1                           2000
Convergence criterion for H1                             0.100D-03
Parameterization                                             DELTA
Link                                                        PROBIT

Input data file(s)
  __000001.dat

Input data format  FREE


SUMMARY OF DATA

     Number of missing data patterns            26


COVARIANCE COVERAGE OF DATA

Minimum covariance coverage value   0.100


     PROPORTION OF DATA PRESENT


           Covariance Coverage
              VDMDE1Z       VDMDE2Z       VDMDE3        VDMDE4Z       VDMDE5Z
              ________      ________      ________      ________      ________
 VDMDE1Z        0.994
 VDMDE2Z        0.909         0.911
 VDMDE3         0.978         0.900         0.983
 VDMDE4Z        0.983         0.906         0.972         0.987
 VDMDE5Z        0.972         0.911         0.961         0.969         0.975
 VDMRE1Z        0.992         0.909         0.978         0.985         0.973
 VDMRE2Z        0.967         0.910         0.957         0.964         0.970


           Covariance Coverage
              VDMRE1Z       VDMRE2Z
              ________      ________
 VDMRE1Z        0.996
 VDMRE2Z        0.968         0.970


UNIVARIATE PROPORTIONS AND COUNTS FOR CATEGORICAL VARIABLES

    VDMDE3
      Category 1    0.092          304.000
      Category 2    0.908         2983.000



UNIVARIATE SAMPLE STATISTICS


     UNIVARIATE HIGHER-ORDER MOMENT DESCRIPTIVE STATISTICS

         Variable/         Mean/     Skewness/   Minimum/ % with                Percentiles
        Sample Size      Variance    Kurtosis    Maximum  Min/Max      20%/60%    40%/80%    Median

     VDMDE1Z               0.512      -0.283       0.000    8.09%       0.300      0.500      0.500
            3324.000       0.070      -0.646       1.000    3.22%       0.600      0.700
     VDMDE2Z               0.300       0.201       0.000   16.97%       0.080      0.240      0.280
            3046.000       0.046      -0.892       1.000    0.03%       0.360      0.520
     VDMDE4Z               0.528      -0.174       0.000    9.87%       0.273      0.455      0.545
            3303.000       0.087      -0.840       1.000    9.81%       0.636      0.818
     VDMDE5Z               0.424      -0.257       0.000   19.25%       0.083      0.417      0.500
            3262.000       0.076      -1.059       1.000    0.58%       0.500      0.667
     VDMRE1Z               0.925      -2.851       0.000    0.21%       0.850      0.950      0.950
            3330.000       0.015      11.499       1.000   49.67%       1.000      1.000
     VDMRE2Z               0.685      -0.698       0.000    0.49%       0.533      0.667      0.733
            3243.000       0.033       0.636       1.000    2.78%       0.733      0.867


THE MODEL ESTIMATION TERMINATED NORMALLY



MODEL FIT INFORMATION

Number of Free Parameters                       22

Chi-Square Test of Model Fit

          Value                            147.040*
          Degrees of Freedom                    12
          P-Value                           0.0000

*   The chi-square value for MLM, MLMV, MLR, ULSMV, WLSM and WLSMV cannot be used
    for chi-square difference testing in the regular way.  MLM, MLR and WLSM
    chi-square difference testing is described on the Mplus website.  MLMV, WLSMV,
    and ULSMV difference testing is done using the DIFFTEST option.

RMSEA (Root Mean Square Error Of Approximation)

          Estimate                           0.058
          90 Percent C.I.                    0.050  0.067
          Probability RMSEA <= .05           0.054

CFI/TLI

          CFI                                0.979
          TLI                                0.962

Chi-Square Test of Model Fit for the Baseline Model

          Value                           6322.732
          Degrees of Freedom                    21
          P-Value                           0.0000

SRMR (Standardized Root Mean Square Residual)

          Value                              0.023

Optimum Function Value for Weighted Least-Squares Estimator

          Value                     0.63463710D-02



MODEL RESULTS

                                                    Two-Tailed
                    Estimate       S.E.  Est./S.E.    P-Value

 MEM      BY
    VDMDE1Z            1.000      0.000    999.000    999.000
    VDMDE2Z            0.742      0.023     31.711      0.000
    VDMDE3             3.569      0.116     30.761      0.000
    VDMDE4Z            0.940      0.029     31.952      0.000
    VDMDE5Z            0.823      0.030     27.629      0.000
    VDMRE1Z            0.381      0.011     34.636      0.000
    VDMRE2Z            0.525      0.018     28.959      0.000

 CERADWL  BY
    VDMDE1Z            1.000      0.000    999.000    999.000
    VDMRE1Z            1.000      0.000    999.000    999.000

 LM       BY
    VDMDE2Z            1.000      0.000    999.000    999.000
    VDMRE2Z            1.000      0.000    999.000    999.000

 CERADWL  WITH
    LM                 0.000      0.000    999.000    999.000
    MEM                0.000      0.000    999.000    999.000

 LM       WITH
    MEM                0.000      0.000    999.000    999.000

 Intercepts
    VDMDE1Z            0.512      0.005    108.381      0.000
    VDMDE2Z            0.300      0.004     75.359      0.000
    VDMDE4Z            0.528      0.005    101.662      0.000
    VDMDE5Z            0.424      0.005     84.963      0.000
    VDMRE1Z            0.925      0.003    271.494      0.000
    VDMRE2Z            0.685      0.004    192.861      0.000

 Thresholds
    VDMDE3$1          -1.326      0.030    -43.469      0.000

 Variances
    MEM                0.045      0.002     20.892      0.000
    CERADWL            0.003      0.000      8.796      0.000
    LM                 0.006      0.001     10.576      0.000

 Residual Variances
    VDMDE1Z            0.022      0.001     27.733      0.000
    VDMDE2Z            0.016      0.001     24.166      0.000
    VDMDE4Z            0.047      0.002     31.141      0.000
    VDMDE5Z            0.045      0.001     30.217      0.000
    VDMRE1Z            0.006      0.000     25.252      0.000
    VDMRE2Z            0.015      0.001     29.063      0.000


STANDARDIZED MODEL RESULTS


STDYX Standardization

                                                    Two-Tailed
                    Estimate       S.E.  Est./S.E.    P-Value

 MEM      BY
    VDMDE1Z            0.803      0.010     82.023      0.000
    VDMDE2Z            0.731      0.011     67.466      0.000
    VDMDE3             0.758      0.018     41.365      0.000
    VDMDE4Z            0.677      0.011     58.945      0.000
    VDMDE5Z            0.635      0.013     50.635      0.000
    VDMRE1Z            0.654      0.011     60.326      0.000
    VDMRE2Z            0.610      0.014     44.682      0.000

 CERADWL  BY
    VDMDE1Z            0.207      0.013     16.465      0.000
    VDMRE1Z            0.442      0.025     17.497      0.000

 LM       BY
    VDMDE2Z            0.353      0.016     21.784      0.000
    VDMRE2Z            0.417      0.019     21.707      0.000

 CERADWL  WITH
    LM                 0.000      0.000    999.000    999.000
    MEM                0.000      0.000    999.000    999.000

 LM       WITH
    MEM                0.000      0.000    999.000    999.000

 Intercepts
    VDMDE1Z            1.938      0.031     62.942      0.000
    VDMDE2Z            1.391      0.033     41.791      0.000
    VDMDE4Z            1.792      0.032     56.543      0.000
    VDMDE5Z            1.543      0.030     51.828      0.000
    VDMRE1Z            7.459      0.039    193.394      0.000
    VDMRE2Z            3.751      0.041     92.449      0.000

 Thresholds
    VDMDE3$1          -1.326      0.030    -43.469      0.000

 Variances
    MEM                1.000      0.000    999.000    999.000
    CERADWL            1.000      0.000    999.000    999.000
    LM                 1.000      0.000    999.000    999.000

 Residual Variances
    VDMDE1Z            0.312      0.012     25.580      0.000
    VDMDE2Z            0.341      0.015     23.112      0.000
    VDMDE4Z            0.541      0.016     34.773      0.000
    VDMDE5Z            0.596      0.016     37.391      0.000
    VDMRE1Z            0.377      0.015     25.550      0.000
    VDMRE2Z            0.454      0.015     29.571      0.000


R-SQUARE

    Observed                                        Two-Tailed   Residual
    Variable        Estimate       S.E.  Est./S.E.    P-Value    Variance

    VDMDE1Z            0.688      0.012     56.463      0.000
    VDMDE2Z            0.659      0.015     44.702      0.000
    VDMDE3             0.575      0.028     20.683      0.000      0.425
    VDMDE4Z            0.459      0.016     29.473      0.000
    VDMDE5Z            0.404      0.016     25.317      0.000
    VDMRE1Z            0.623      0.015     42.167      0.000
    VDMRE2Z            0.546      0.015     35.574      0.000


QUALITY OF NUMERICAL RESULTS

     Condition Number for the Information Matrix              0.480E-05
       (ratio of smallest to largest eigenvalue)


RESIDUAL OUTPUT


     ESTIMATED MODEL AND RESIDUALS (OBSERVED - ESTIMATED)


           Model Estimated Means/Intercepts/Thresholds
              VDMDE1Z       VDMDE2Z       VDMDE3$1      VDMDE4Z       VDMDE5Z
              ________      ________      ________      ________      ________
                0.512         0.300        -1.326         0.528         0.424


           Model Estimated Means/Intercepts/Thresholds
              VDMRE1Z       VDMRE2Z
              ________      ________
                0.925         0.685


           Residuals for Means/Intercepts/Thresholds
              VDMDE1Z       VDMDE2Z       VDMDE3$1      VDMDE4Z       VDMDE5Z
              ________      ________      ________      ________      ________
                0.000         0.000         0.000         0.000         0.000


           Residuals for Means/Intercepts/Thresholds
              VDMRE1Z       VDMRE2Z
              ________      ________
                0.000         0.000


           Model Estimated Covariances/Correlations/Residual Correlations
              VDMDE1Z       VDMDE2Z       VDMDE3        VDMDE4Z       VDMDE5Z
              ________      ________      ________      ________      ________
 VDMDE1Z        0.070
 VDMDE2Z        0.033         0.046
 VDMDE3         0.161         0.119
 VDMDE4Z        0.042         0.031         0.151         0.087
 VDMDE5Z        0.037         0.028         0.132         0.035         0.076
 VDMRE1Z        0.020         0.013         0.061         0.016         0.014
 VDMRE2Z        0.024         0.023         0.085         0.022         0.019


           Model Estimated Covariances/Correlations/Residual Correlations
              VDMRE1Z       VDMRE2Z
              ________      ________
 VDMRE1Z        0.015
 VDMRE2Z        0.009         0.033


           Model Estimated Correlations/Residual Correlations
              VDMDE1Z       VDMDE2Z       VDMDE3        VDMDE4Z       VDMDE5Z
              ________      ________      ________      ________      ________
 VDMDE1Z        1.000
 VDMDE2Z        0.587         1.000
 VDMDE3         0.609         0.554
 VDMDE4Z        0.544         0.495         0.513         1.000
 VDMDE5Z        0.510         0.465         0.482         0.430         1.000
 VDMRE1Z        0.617         0.478         0.495         0.443         0.415
 VDMRE2Z        0.490         0.593         0.463         0.413         0.388


           Model Estimated Correlations/Residual Correlations
              VDMRE1Z       VDMRE2Z
              ________      ________
 VDMRE1Z        1.000
 VDMRE2Z        0.399         1.000


           Residuals for Covariances/Correlations/Residual Correlations
              VDMDE1Z       VDMDE2Z       VDMDE3        VDMDE4Z       VDMDE5Z
              ________      ________      ________      ________      ________
 VDMDE1Z        0.000
 VDMDE2Z        0.000         0.000
 VDMDE3         0.006         0.012
 VDMDE4Z        0.001        -0.002         0.002         0.000
 VDMDE5Z       -0.001         0.004         0.000        -0.002         0.000
 VDMRE1Z        0.000        -0.001        -0.003         0.001         0.000
 VDMRE2Z       -0.001         0.000        -0.006        -0.001         0.000


           Residuals for Covariances/Correlations/Residual Correlations
              VDMRE1Z       VDMRE2Z
              ________      ________
 VDMRE1Z        0.000
 VDMRE2Z        0.001         0.000


           Residuals for Correlations/Residual Correlations
              VDMDE1Z       VDMDE2Z       VDMDE3        VDMDE4Z       VDMDE5Z
              ________      ________      ________      ________      ________
 VDMDE1Z        0.000
 VDMDE2Z        0.001         0.000
 VDMDE3         0.023         0.055
 VDMDE4Z        0.010        -0.031         0.005         0.000
 VDMDE5Z       -0.008         0.076         0.001        -0.029         0.000
 VDMRE1Z        0.000        -0.033        -0.021         0.031        -0.014
 VDMRE2Z       -0.024         0.000        -0.032        -0.023         0.000


           Residuals for Correlations/Residual Correlations
              VDMRE1Z       VDMRE2Z
              ________      ________
 VDMRE1Z        0.000
 VDMRE2Z        0.048         0.000


     UNIVARIATE PROPORTIONS FOR CATEGORICAL VARIABLES

     Variable          Observed      Estimated      Residual (Obs.-Est.)    Stand. Residual
     VDMDE3
       Category  1       0.092          0.092                  0.000                0.000
       Category  2       0.908          0.908                  0.000                0.000


MODEL MODIFICATION INDICES

NOTE:  Modification indices for direct effects of observed dependent variables
regressed on covariates and residual covariances among observed dependent
variables may not be included.  To include these, request MODINDICES (ALL).

Minimum M.I. value for printing the modification index     0.000

                                   M.I.     E.P.C.  Std E.P.C.  StdYX E.P.C.

BY Statements

CERADWL  BY VDMDE2Z               39.468    -0.750     -0.041       -0.191
CERADWL  BY VDMDE3                12.085    -1.906     -0.105       -0.105
CERADWL  BY VDMDE4Z               40.316     0.945      0.052        0.176
CERADWL  BY VDMDE5Z                7.113    -0.371     -0.020       -0.074
CERADWL  BY VDMRE2Z               44.597     0.628      0.034        0.188
LM       BY VDMDE1Z                7.559    -0.317     -0.024       -0.091
LM       BY VDMDE3                 0.490     0.327      0.025        0.025
LM       BY VDMDE4Z               19.965    -0.507     -0.039       -0.131
LM       BY VDMDE5Z               18.584     0.465      0.035        0.129
LM       BY VDMRE1Z                5.985     0.101      0.008        0.062

ON/BY Statements

CERADWL  ON LM       /
LM       BY CERADWL                2.832     0.080      0.111        0.111
LM       ON CERADWL  /
CERADWL  BY LM                     2.832     0.154      0.111        0.111

WITH Statements

VDMDE2Z  WITH VDMDE1Z              0.005     0.000      0.000        0.004
VDMDE3   WITH VDMDE1Z              5.529     0.010      0.010        0.108
VDMDE3   WITH VDMDE2Z             19.307     0.017      0.017        0.211
VDMDE4Z  WITH VDMDE1Z              1.069     0.001      0.001        0.040
VDMDE4Z  WITH VDMDE2Z              9.478    -0.003     -0.003       -0.110
VDMDE4Z  WITH VDMDE3               0.217     0.002      0.002        0.016
VDMDE5Z  WITH VDMDE1Z              0.547    -0.001     -0.001       -0.027
VDMDE5Z  WITH VDMDE2Z             42.735     0.006      0.006        0.234
VDMDE5Z  WITH VDMDE3               0.002     0.000      0.000        0.002
VDMDE5Z  WITH VDMDE4Z              8.041    -0.003     -0.003       -0.071
VDMRE1Z  WITH VDMDE2Z             32.668    -0.002     -0.002       -0.194
VDMRE1Z  WITH VDMDE3              15.366    -0.006     -0.006       -0.117
VDMRE1Z  WITH VDMDE4Z             30.122     0.002      0.002        0.136
VDMRE1Z  WITH VDMDE5Z              4.955    -0.001     -0.001       -0.053
VDMRE2Z  WITH VDMDE1Z              8.615    -0.002     -0.002       -0.113
VDMRE2Z  WITH VDMDE3               6.859    -0.008     -0.008       -0.100
VDMRE2Z  WITH VDMDE4Z              6.866    -0.002     -0.002       -0.070
VDMRE2Z  WITH VDMDE5Z              0.003     0.000      0.000        0.001
VDMRE2Z  WITH VDMRE1Z             51.402     0.002      0.002        0.197
LM       WITH CERADWL              2.832     0.000      0.111        0.111


     Beginning Time:  09:11:03
        Ending Time:  09:11:03
       Elapsed Time:  00:00:00



MUTHEN & MUTHEN
3463 Stoner Ave.
Los Angeles, CA  90066

Tel: (310) 391-9971
Fax: (310) 391-8971
Web: www.StatModel.com
Support: Support@StatModel.com

Copyright (c) 1998-2018 Muthen & Muthen
