Mplus VERSION 8.2 (Mac)
MUTHEN & MUTHEN
05/26/2020   9:11 AM

INPUT INSTRUCTIONS

  TITLE:
    Variable List -

    vdexf1z : vdexf1_z1 = (vdexf1 -        .002350383874)/         17.00470077
    vdexf2z : vdexf2_z1 = (vdexf2 -      .00004915522373)/         .3924776838
    vdexf7z : vdexf7_z1 = (vdexf7 -          409.0197119)/         175.0394239
    vdasp1z : vdasp1_z1 = (vdasp1 -        .007827027941)/         71.01565406
    vdasp2z : vdasp2_z1 = (vdasp2 -      .00005338379933)/         .8074956097
    vdasp3 : MMSE spell world backwards
    vdasp4z : vdasp4_z1 = (vdasp4 -        .006999674533)/         80.01399935
    vdasp5z : vdasp5_z1 = (vdasp5 -         .00329259995)/          37.0065852

  DATA:
    FILE = __000001.dat ;
  VARIABLE:
    NAMES =
      vdexf1z vdexf2z vdexf7z vdasp1z vdasp2z vdasp3 vdasp4z vdasp5z ;
    MISSING ARE ALL (-9999) ;
    CATEGORICAL =
      vdasp3
      ;
  ANALYSIS:
  OUTPUT:
     MODINDICES(-0);
     RESIDUAL ;
  stdyx  ;

  MODEL:
  exf by vdexf1z vdexf2z vdexf7z vdasp1z vdasp2z vdasp3 vdasp4z
  vdasp5z  ;




*** WARNING
  Data set contains cases with missing on all variables.
  These cases were not included in the analysis.
  Number of cases with missing on all variables:  4
   1 WARNING(S) FOUND IN THE INPUT INSTRUCTIONS




Variable List -

vdexf1z : vdexf1_z1 = (vdexf1 -        .002350383874)/         17.00470077
vdexf2z : vdexf2_z1 = (vdexf2 -      .00004915522373)/         .3924776838
vdexf7z : vdexf7_z1 = (vdexf7 -          409.0197119)/         175.0394239
vdasp1z : vdasp1_z1 = (vdasp1 -        .007827027941)/         71.01565406
vdasp2z : vdasp2_z1 = (vdasp2 -      .00005338379933)/         .8074956097
vdasp3 : MMSE spell world backwards
vdasp4z : vdasp4_z1 = (vdasp4 -        .006999674533)/         80.01399935
vdasp5z : vdasp5_z1 = (vdasp5 -         .00329259995)/          37.0065852

SUMMARY OF ANALYSIS

Number of groups                                                 1
Number of observations                                        3343

Number of dependent variables                                    8
Number of independent variables                                  0
Number of continuous latent variables                            1

Observed dependent variables

  Continuous
   VDEXF1Z     VDEXF2Z     VDEXF7Z     VDASP1Z     VDASP2Z     VDASP4Z
   VDASP5Z

  Binary and ordered categorical (ordinal)
   VDASP3

Continuous latent variables
   EXF


Estimator                                                    WLSMV
Maximum number of iterations                                  1000
Convergence criterion                                    0.500D-04
Maximum number of steepest descent iterations                   20
Maximum number of iterations for H1                           2000
Convergence criterion for H1                             0.100D-03
Parameterization                                             DELTA
Link                                                        PROBIT

Input data file(s)
  __000001.dat

Input data format  FREE


SUMMARY OF DATA

     Number of missing data patterns            72


COVARIANCE COVERAGE OF DATA

Minimum covariance coverage value   0.100


     PROPORTION OF DATA PRESENT


           Covariance Coverage
              VDEXF1Z       VDEXF2Z       VDEXF7Z       VDASP1Z       VDASP2Z
              ________      ________      ________      ________      ________
 VDEXF1Z        0.988
 VDEXF2Z        0.845         0.846
 VDEXF7Z        0.829         0.755         0.830
 VDASP1Z        0.946         0.837         0.818         0.948
 VDASP2Z        0.959         0.843         0.822         0.937         0.960
 VDASP3         0.940         0.822         0.815         0.912         0.919
 VDASP4Z        0.971         0.842         0.827         0.940         0.950
 VDASP5Z        0.952         0.834         0.817         0.935         0.939


           Covariance Coverage
              VDASP3        VDASP4Z       VDASP5Z
              ________      ________      ________
 VDASP3         0.950
 VDASP4Z        0.941         0.981
 VDASP5Z        0.917         0.946         0.956


UNIVARIATE PROPORTIONS AND COUNTS FOR CATEGORICAL VARIABLES

    VDASP3
      Category 1    0.016           52.000
      Category 2    0.027           87.000
      Category 3    0.050          159.000
      Category 4    0.106          338.000
      Category 5    0.047          150.000
      Category 6    0.753         2390.000



UNIVARIATE SAMPLE STATISTICS


     UNIVARIATE HIGHER-ORDER MOMENT DESCRIPTIVE STATISTICS

         Variable/         Mean/     Skewness/   Minimum/ % with                Percentiles
        Sample Size      Variance    Kurtosis    Maximum  Min/Max      20%/60%    40%/80%    Median

     VDEXF1Z               0.726      -1.012       0.000    1.00%       0.529      0.706      0.765
            3303.000       0.049       0.704       1.000    9.11%       0.823      0.941
     VDEXF2Z               0.428      -0.142       0.000    1.03%       0.251      0.384      0.432
            2827.000       0.040      -0.643       1.000    0.04%       0.495      0.608
     VDEXF7Z               0.647      -0.798       0.000    0.79%       0.526      0.623      0.663
            2775.000       0.032       1.679       1.000    3.60%       0.686      0.783
     VDASP1Z               0.458      -0.216       0.000    0.44%       0.296      0.423      0.465
            3168.000       0.031      -0.445       1.000    0.03%       0.507      0.620
     VDASP2Z               0.397      -0.706       0.000    0.16%       0.319      0.389      0.412
            3210.000       0.011       1.040       1.000    0.03%       0.432      0.479
     VDASP4Z               0.369      -0.150       0.000    1.28%       0.263      0.350      0.375
            3280.000       0.020       0.520       1.000    0.03%       0.400      0.475
     VDASP5Z               0.400      -0.137       0.000    0.84%       0.297      0.378      0.405
            3197.000       0.020       0.378       1.000    0.03%       0.432      0.514


THE MODEL ESTIMATION TERMINATED NORMALLY



MODEL FIT INFORMATION

Number of Free Parameters                       27

Chi-Square Test of Model Fit

          Value                            766.143*
          Degrees of Freedom                    20
          P-Value                           0.0000

*   The chi-square value for MLM, MLMV, MLR, ULSMV, WLSM and WLSMV cannot be used
    for chi-square difference testing in the regular way.  MLM, MLR and WLSM
    chi-square difference testing is described on the Mplus website.  MLMV, WLSMV,
    and ULSMV difference testing is done using the DIFFTEST option.

RMSEA (Root Mean Square Error Of Approximation)

          Estimate                           0.106
          90 Percent C.I.                    0.099  0.112
          Probability RMSEA <= .05           0.000

CFI/TLI

          CFI                                0.916
          TLI                                0.883

Chi-Square Test of Model Fit for the Baseline Model

          Value                           8955.493
          Degrees of Freedom                    28
          P-Value                           0.0000

SRMR (Standardized Root Mean Square Residual)

          Value                              0.038

Optimum Function Value for Weighted Least-Squares Estimator

          Value                     0.31158792D-01



MODEL RESULTS

                                                    Two-Tailed
                    Estimate       S.E.  Est./S.E.    P-Value

 EXF      BY
    VDEXF1Z            1.000      0.000    999.000    999.000
    VDEXF2Z            0.908      0.029     31.828      0.000
    VDEXF7Z            0.692      0.019     36.860      0.000
    VDASP1Z            0.955      0.024     40.089      0.000
    VDASP2Z            0.519      0.013     40.824      0.000
    VDASP3             3.569      0.113     31.698      0.000
    VDASP4Z            0.599      0.016     37.995      0.000
    VDASP5Z            0.599      0.017     36.164      0.000

 Intercepts
    VDEXF1Z            0.726      0.005    148.761      0.000
    VDEXF2Z            0.428      0.004    112.871      0.000
    VDEXF7Z            0.647      0.004    172.179      0.000
    VDASP1Z            0.458      0.003    143.890      0.000
    VDASP2Z            0.397      0.002    194.306      0.000
    VDASP4Z            0.369      0.002    150.178      0.000
    VDASP5Z            0.400      0.003    158.102      0.000

 Thresholds
    VDASP3$1          -2.135      0.055    -38.711      0.000
    VDASP3$2          -1.709      0.039    -43.625      0.000
    VDASP3$3          -1.318      0.031    -42.647      0.000
    VDASP3$4          -0.841      0.025    -33.171      0.000
    VDASP3$5          -0.682      0.024    -28.168      0.000

 Variances
    EXF                0.027      0.001     23.163      0.000

 Residual Variances
    VDEXF1Z            0.022      0.001     37.528      0.000
    VDEXF2Z            0.018      0.001     34.377      0.000
    VDEXF7Z            0.019      0.000     42.166      0.000
    VDASP1Z            0.006      0.000     26.180      0.000
    VDASP2Z            0.004      0.000     35.865      0.000
    VDASP4Z            0.010      0.000     39.376      0.000
    VDASP5Z            0.011      0.000     40.607      0.000


STANDARDIZED MODEL RESULTS


STDYX Standardization

                                                    Two-Tailed
                    Estimate       S.E.  Est./S.E.    P-Value

 EXF      BY
    VDEXF1Z            0.745      0.008     89.046      0.000
    VDEXF2Z            0.747      0.009     80.435      0.000
    VDEXF7Z            0.633      0.010     63.819      0.000
    VDASP1Z            0.892      0.005    163.329      0.000
    VDASP2Z            0.809      0.007    119.817      0.000
    VDASP3             0.588      0.016     36.564      0.000
    VDASP4Z            0.705      0.009     78.937      0.000
    VDASP5Z            0.694      0.009     75.877      0.000

 Intercepts
    VDEXF1Z            3.284      0.035     93.529      0.000
    VDEXF2Z            2.139      0.038     56.978      0.000
    VDEXF7Z            3.594      0.036    100.201      0.000
    VDASP1Z            2.596      0.039     67.006      0.000
    VDASP2Z            3.751      0.038     98.575      0.000
    VDASP4Z            2.634      0.033     80.973      0.000
    VDASP5Z            2.807      0.035     79.138      0.000

 Thresholds
    VDASP3$1          -2.135      0.055    -38.711      0.000
    VDASP3$2          -1.709      0.039    -43.625      0.000
    VDASP3$3          -1.318      0.031    -42.647      0.000
    VDASP3$4          -0.841      0.025    -33.171      0.000
    VDASP3$5          -0.682      0.024    -28.168      0.000

 Variances
    EXF                1.000      0.000    999.000    999.000

 Residual Variances
    VDEXF1Z            0.445      0.012     35.637      0.000
    VDEXF2Z            0.442      0.014     31.825      0.000
    VDEXF7Z            0.600      0.013     47.838      0.000
    VDASP1Z            0.204      0.010     20.869      0.000
    VDASP2Z            0.346      0.011     31.703      0.000
    VDASP4Z            0.503      0.013     39.910      0.000
    VDASP5Z            0.519      0.013     40.897      0.000


R-SQUARE

    Observed                                        Two-Tailed   Residual
    Variable        Estimate       S.E.  Est./S.E.    P-Value    Variance

    VDEXF1Z            0.555      0.012     44.523      0.000
    VDEXF2Z            0.558      0.014     40.217      0.000
    VDEXF7Z            0.400      0.013     31.909      0.000
    VDASP1Z            0.796      0.010     81.665      0.000
    VDASP2Z            0.654      0.011     59.909      0.000
    VDASP3             0.346      0.019     18.282      0.000      0.654
    VDASP4Z            0.497      0.013     39.469      0.000
    VDASP5Z            0.481      0.013     37.939      0.000


QUALITY OF NUMERICAL RESULTS

     Condition Number for the Information Matrix              0.105E-04
       (ratio of smallest to largest eigenvalue)


RESIDUAL OUTPUT


     ESTIMATED MODEL AND RESIDUALS (OBSERVED - ESTIMATED)


           Model Estimated Means/Intercepts/Thresholds
              VDEXF1Z       VDEXF2Z       VDEXF7Z       VDASP1Z       VDASP2Z
              ________      ________      ________      ________      ________
                0.726         0.428         0.647         0.458         0.397


           Model Estimated Means/Intercepts/Thresholds
              VDASP3$1      VDASP3$2      VDASP3$3      VDASP3$4      VDASP3$5
              ________      ________      ________      ________      ________
               -2.135        -1.709        -1.318        -0.841        -0.682


           Model Estimated Means/Intercepts/Thresholds
              VDASP4Z       VDASP5Z
              ________      ________
                0.369         0.400


           Residuals for Means/Intercepts/Thresholds
              VDEXF1Z       VDEXF2Z       VDEXF7Z       VDASP1Z       VDASP2Z
              ________      ________      ________      ________      ________
                0.000         0.000         0.000         0.000         0.000


           Residuals for Means/Intercepts/Thresholds
              VDASP3$1      VDASP3$2      VDASP3$3      VDASP3$4      VDASP3$5
              ________      ________      ________      ________      ________
                0.000         0.000         0.000         0.000         0.000


           Residuals for Means/Intercepts/Thresholds
              VDASP4Z       VDASP5Z
              ________      ________
                0.000         0.000


           Model Estimated Covariances/Correlations/Residual Correlations
              VDEXF1Z       VDEXF2Z       VDEXF7Z       VDASP1Z       VDASP2Z
              ________      ________      ________      ________      ________
 VDEXF1Z        0.049
 VDEXF2Z        0.025         0.040
 VDEXF7Z        0.019         0.017         0.032
 VDASP1Z        0.026         0.024         0.018         0.031
 VDASP2Z        0.014         0.013         0.010         0.013         0.011
 VDASP3         0.097         0.088         0.067         0.093         0.050
 VDASP4Z        0.016         0.015         0.011         0.016         0.008
 VDASP5Z        0.016         0.015         0.011         0.016         0.008


           Model Estimated Covariances/Correlations/Residual Correlations
              VDASP3        VDASP4Z       VDASP5Z
              ________      ________      ________
 VDASP4Z        0.058         0.020
 VDASP5Z        0.058         0.010         0.020


           Model Estimated Correlations/Residual Correlations
              VDEXF1Z       VDEXF2Z       VDEXF7Z       VDASP1Z       VDASP2Z
              ________      ________      ________      ________      ________
 VDEXF1Z        1.000
 VDEXF2Z        0.557         1.000
 VDEXF7Z        0.471         0.473         1.000
 VDASP1Z        0.665         0.667         0.565         1.000
 VDASP2Z        0.603         0.604         0.512         0.722         1.000
 VDASP3         0.438         0.439         0.372         0.525         0.476
 VDASP4Z        0.526         0.527         0.446         0.629         0.570
 VDASP5Z        0.517         0.518         0.439         0.619         0.561


           Model Estimated Correlations/Residual Correlations
              VDASP3        VDASP4Z       VDASP5Z
              ________      ________      ________
 VDASP4Z        0.415         1.000
 VDASP5Z        0.408         0.489         1.000


           Residuals for Covariances/Correlations/Residual Correlations
              VDEXF1Z       VDEXF2Z       VDEXF7Z       VDASP1Z       VDASP2Z
              ________      ________      ________      ________      ________
 VDEXF1Z        0.000
 VDEXF2Z       -0.002         0.000
 VDEXF7Z        0.005         0.001         0.000
 VDASP1Z       -0.001         0.000        -0.001         0.000
 VDASP2Z       -0.001         0.001        -0.001         0.000         0.000
 VDASP3         0.004        -0.013         0.003        -0.004        -0.005
 VDASP4Z        0.000         0.000         0.001         0.000         0.000
 VDASP5Z       -0.001         0.000        -0.003         0.002         0.001


           Residuals for Covariances/Correlations/Residual Correlations
              VDASP3        VDASP4Z       VDASP5Z
              ________      ________      ________
 VDASP4Z        0.007         0.000
 VDASP5Z        0.003         0.000         0.000


           Residuals for Correlations/Residual Correlations
              VDEXF1Z       VDEXF2Z       VDEXF7Z       VDASP1Z       VDASP2Z
              ________      ________      ________      ________      ________
 VDEXF1Z        0.000
 VDEXF2Z       -0.044         0.000
 VDEXF7Z        0.130         0.029         0.000
 VDASP1Z       -0.033         0.008        -0.030         0.000
 VDASP2Z       -0.024         0.050        -0.050         0.017         0.000
 VDASP3         0.016        -0.065         0.018        -0.020        -0.045
 VDASP4Z       -0.013        -0.008         0.046        -0.011        -0.026
 VDASP5Z       -0.034        -0.005        -0.123         0.071         0.081


           Residuals for Correlations/Residual Correlations
              VDASP3        VDASP4Z       VDASP5Z
              ________      ________      ________
 VDASP4Z        0.049         0.000
 VDASP5Z        0.021        -0.019         0.000


     UNIVARIATE PROPORTIONS FOR CATEGORICAL VARIABLES

     Variable          Observed      Estimated      Residual (Obs.-Est.)    Stand. Residual
     VDASP3
       Category  1       0.016          0.016                  0.000                0.000
       Category  2       0.027          0.027                  0.000                0.000
       Category  3       0.050          0.050                  0.000                0.000
       Category  4       0.106          0.106                  0.000                0.000
       Category  5       0.047          0.047                  0.000                0.000
       Category  6       0.753          0.753                  0.000                0.000


MODEL MODIFICATION INDICES

NOTE:  Modification indices for direct effects of observed dependent variables
regressed on covariates and residual covariances among observed dependent
variables may not be included.  To include these, request MODINDICES (ALL).

Minimum M.I. value for printing the modification index     0.000

                                   M.I.     E.P.C.  Std E.P.C.  StdYX E.P.C.

WITH Statements

VDEXF2Z  WITH VDEXF1Z             21.685    -0.003     -0.003       -0.137
VDEXF7Z  WITH VDEXF1Z            284.147     0.007      0.007        0.348
VDEXF7Z  WITH VDEXF2Z             10.589     0.001      0.001        0.075
VDASP1Z  WITH VDEXF1Z             12.483    -0.002     -0.002       -0.160
VDASP1Z  WITH VDEXF2Z              0.554     0.000      0.000        0.037
VDASP1Z  WITH VDEXF7Z             15.083    -0.001     -0.001       -0.128
VDASP2Z  WITH VDEXF1Z              9.628    -0.001     -0.001       -0.094
VDASP2Z  WITH VDEXF2Z             30.986     0.002      0.002        0.186
VDASP2Z  WITH VDEXF7Z             54.201    -0.001     -0.001       -0.167
VDASP2Z  WITH VDASP1Z              4.076     0.001      0.001        0.103
VDASP3   WITH VDEXF1Z              3.006     0.005      0.005        0.039
VDASP3   WITH VDEXF2Z             27.689    -0.015     -0.015       -0.143
VDASP3   WITH VDEXF7Z              3.500     0.004      0.004        0.036
VDASP3   WITH VDASP1Z              4.648    -0.005     -0.005       -0.077
VDASP3   WITH VDASP2Z             24.157    -0.006     -0.006       -0.126
VDASP4Z  WITH VDEXF1Z              3.025    -0.001     -0.001       -0.040
VDASP4Z  WITH VDEXF2Z              0.855     0.000      0.000       -0.024
VDASP4Z  WITH VDEXF7Z             39.905     0.002      0.002        0.116
VDASP4Z  WITH VDASP1Z              1.746     0.000      0.000       -0.052
VDASP4Z  WITH VDASP2Z             14.479    -0.001     -0.001       -0.098
VDASP4Z  WITH VDASP3              37.626     0.009      0.009        0.115
VDASP5Z  WITH VDEXF1Z             17.918    -0.002     -0.002       -0.100
VDASP5Z  WITH VDEXF2Z              0.352     0.000      0.000       -0.015
VDASP5Z  WITH VDEXF7Z            247.611    -0.004     -0.004       -0.295
VDASP5Z  WITH VDASP1Z             61.990     0.003      0.003        0.315
VDASP5Z  WITH VDASP2Z            120.399     0.002      0.002        0.291
VDASP5Z  WITH VDASP3               5.143     0.004      0.004        0.045
VDASP5Z  WITH VDASP4Z              7.079    -0.001     -0.001       -0.055


     Beginning Time:  09:11:04
        Ending Time:  09:11:04
       Elapsed Time:  00:00:00



MUTHEN & MUTHEN
3463 Stoner Ave.
Los Angeles, CA  90066

Tel: (310) 391-9971
Fax: (310) 391-8971
Web: www.StatModel.com
Support: Support@StatModel.com

Copyright (c) 1998-2018 Muthen & Muthen
